// Report Generated by verilog_linter.py

====================
Lint Results Summary
====================
Modules lint passed: 52
Modules lint failed: 0
Total Modules linted: 52

===================
Linted Modules List
===================
[1]fp_special - PASSED
[1]Relu - PASSED
[1]DoneCycle - PASSED
[4]VWrite - PASSED
[1]ExtractMantissa - PASSED
[1]SwapEndian - PASSED
[3]Buffer - PASSED
[1]iob_fp_special - PASSED
[1]Counter - PASSED
[1]TimedMux - PASSED
[1]clz - PASSED
[1]TestConst - PASSED
[1]Conditional - PASSED
[4]LookupTableRead - PASSED
[1]CombMux2 - PASSED
[1]Const - PASSED
[2]iob_fp_round - PASSED
[1]Mux8 - PASSED
[1]ParamConst - PASSED
[2]OnlyOutputMem - PASSED
[4]SimpleAXIToAXIWrite - PASSED
[1]F_AccumMax - PASSED
[2]Generator - PASSED
[1]Mux2 - PASSED
[1]AddSignToIndex - PASSED
[1]F_Neg - PASSED
[1]DebugWriteMem - PASSED
[5]VRead - PASSED
[1]FixedBuffer - PASSED
[1]Merge2 - PASSED
[3]MyFloatAccum - PASSED
[5]iob_fp_add - PASSED
[3]LookupTable - PASSED
[1]Mul - PASSED
[1]Muladd - PASSED
[1]Store - PASSED
[1]ExtractExpAsFloat - PASSED
[1]CombMux4 - PASSED
[1]PipelineRegister - PASSED
[1]Equality - PASSED
[1]DebugReadMem - PASSED
[1]iob_fp_clz - PASSED
[1]F_IsNeg - PASSED
[1]Merge - PASSED
[1]ExtractRealPart - PASSED
[1]FloatToLargeInteger - PASSED
[1]FracIndex - PASSED
[1]F_Add - PASSED
[1]StridedMerge - PASSED
[4]iob_fp_mul - PASSED
[1]F_Mul - PASSED
[1]CombMux8 - PASSED

======================
Detailed Lint Warnings
======================
